
> job-portal-client@0.0.0 dev
> vite --host 127.0.0.1 --port 5173

[2m4:26:24 pm[22m [36m[1m[vite][22m[39m [90m[2m(client)[22m[39m Re-optimizing dependencies because lockfile has changed

  [32m[1mVITE[22m v7.3.3[39m  [2mready in [0m[1m358[22m[2m[0m ms[22m

  [32m➜[39m  [1mLocal[22m:   [36mhttp://127.0.0.1:[1m5173[22m/[39m
[2m[32m  ➜[39m[22m[2m  press [22m[1mh + enter[22m[2m to show help[22m
[2m4:34:34 pm[22m [36m[1m[vite][22m[39m [90m[2m(client)[22m[39m [32mhmr update [39m[2m/src/index.css, /src/shared/components/layout/portalWorkbench/PortalWorkbenchHeader.jsx[22m
[2m4:34:45 pm[22m [36m[1m[vite][22m[39m [90m[2m(client)[22m[39m [32mhmr update [39m[2m/src/index.css, /src/modules/hr/components/HrModuleLayout.jsx[22m
[2m4:38:08 pm[22m [36m[1m[vite][22m[39m [90m[2m(client)[22m[39m [32mhmr update [39m[2m/src/index.css, /src/modules/hr/pages/HrJobsPage.jsx[22m
[2m4:38:27 pm[22m [36m[1m[vite][22m[39m [90m[2m(client)[22m[39m [32mhmr update [39m[2m/src/index.css, /src/modules/hr/pages/HrJobsPage.jsx[22m
[2m4:38:44 pm[22m [36m[1m[vite][22m[39m [90m[2m(client)[22m[39m [32mhmr update [39m[2m/src/index.css, /src/modules/hr/pages/HrJobsPage.jsx[22m
[2m4:38:53 pm[22m [36m[1m[vite][22m[39m [90m[2m(client)[22m[39m [32mhmr update [39m[2m/src/index.css, /src/modules/hr/pages/HrJobsPage.jsx[22m
[2m4:52:55 pm[22m [36m[1m[vite][22m[39m [90m[2m(client)[22m[39m [32mhmr update [39m[2m/src/index.css, /src/modules/hr/pages/HrJobsPage.jsx[22m
[2m4:53:03 pm[22m [36m[1m[vite][22m[39m [90m[2m(client)[22m[39m [32mhmr update [39m[2m/src/index.css, /src/modules/hr/pages/HrJobsPage.jsx[22m
[2m4:53:09 pm[22m [36m[1m[vite][22m[39m [90m[2m(client)[22m[39m [32mhmr update [39m[2m/src/index.css, /src/modules/hr/pages/HrJobsPage.jsx[22m
[2m4:53:14 pm[22m [36m[1m[vite][22m[39m [90m[2m(client)[22m[39m [32mhmr update [39m[2m/src/index.css, /src/modules/hr/pages/HrJobsPage.jsx[22m
[2m4:53:30 pm[22m [36m[1m[vite][22m[39m [90m[2m(client)[22m[39m [32mhmr update [39m[2m/src/index.css, /src/modules/hr/pages/HrJobsPage.jsx[22m
[2m4:53:39 pm[22m [36m[1m[vite][22m[39m [90m[2m(client)[22m[39m [32mhmr update [39m[2m/src/index.css, /src/modules/hr/pages/HrJobsPage.jsx[22m
[2m4:54:05 pm[22m [36m[1m[vite][22m[39m [90m[2m(client)[22m[39m [32mhmr update [39m[2m/src/index.css, /src/modules/hr/pages/HrJobsPage.jsx[22m
[2m4:54:11 pm[22m [36m[1m[vite][22m[39m [90m[2m(client)[22m[39m [32mhmr update [39m[2m/src/index.css, /src/modules/hr/pages/HrJobsPage.jsx[22m
[2m5:00:00 pm[22m [36m[1m[vite][22m[39m [90m[2m(client)[22m[39m [32mhmr update [39m[2m/src/index.css, /src/modules/hr/components/HrModuleLayout.jsx[22m
[2m5:02:49 pm[22m [36m[1m[vite][22m[39m [90m[2m(client)[22m[39m [32mhmr update [39m[2m/src/index.css, /src/modules/hr/components/HrModuleLayout.jsx[22m
[2m5:15:08 pm[22m [36m[1m[vite][22m[39m [90m[2m(client)[22m[39m [32mhmr update [39m[2m/src/index.css, /src/modules/hr/pages/HrJobsPage.jsx[22m
[2m5:15:37 pm[22m [36m[1m[vite][22m[39m [90m[2m(client)[22m[39m [32mhmr update [39m[2m/src/index.css, /src/modules/hr/pages/HrJobsPage.jsx[22m
[2m5:15:46 pm[22m [36m[1m[vite][22m[39m [90m[2m(client)[22m[39m [32mhmr update [39m[2m/src/index.css, /src/modules/hr/pages/HrJobsPage.jsx[22m
[2m5:15:57 pm[22m [36m[1m[vite][22m[39m [90m[2m(client)[22m[39m [32mhmr update [39m[2m/src/index.css, /src/modules/hr/pages/HrJobsPage.jsx[22m
[2m5:16:09 pm[22m [36m[1m[vite][22m[39m [90m[2m(client)[22m[39m [32mhmr update [39m[2m/src/index.css, /src/modules/hr/pages/HrJobsPage.jsx[22m
[2m5:16:19 pm[22m [36m[1m[vite][22m[39m [90m[2m(client)[22m[39m [32mhmr update [39m[2m/src/index.css, /src/modules/hr/pages/HrJobsPage.jsx[22m
[2m5:16:32 pm[22m [36m[1m[vite][22m[39m [90m[2m(client)[22m[39m [32mhmr update [39m[2m/src/index.css, /src/modules/hr/pages/HrJobsPage.jsx[22m
[2m5:16:44 pm[22m [36m[1m[vite][22m[39m [90m[2m(client)[22m[39m [32mhmr update [39m[2m/src/index.css, /src/modules/hr/pages/HrJobsPage.jsx[22m
[2m5:17:03 pm[22m [36m[1m[vite][22m[39m [90m[2m(client)[22m[39m [32mhmr update [39m[2m/src/index.css, /src/modules/hr/pages/HrJobsPage.jsx[22m
[2m5:17:36 pm[22m [36m[1m[vite][22m[39m [90m[2m(client)[22m[39m [32mhmr update [39m[2m/src/index.css, /src/modules/hr/pages/HrJobsPage.jsx[22m
[2m5:17:57 pm[22m [36m[1m[vite][22m[39m [90m[2m(client)[22m[39m [32mhmr update [39m[2m/src/index.css, /src/modules/hr/pages/HrJobsPage.jsx[22m
[2m5:18:36 pm[22m [36m[1m[vite][22m[39m [90m[2m(client)[22m[39m [32mhmr update [39m[2m/src/index.css, /src/modules/hr/pages/HrDashboardPage.jsx, /src/modules/hr/pages/HrJobsPage.jsx, /src/modules/hr/pages/HrJobApplicantsPage.jsx, /src/modules/hr/components/HrModuleLayout.jsx, /src/modules/hr/pages/HrCandidatesPage.jsx, /src/modules/hr/pages/HrShortlistedPage.jsx, /src/modules/hr/pages/HrInterestsPage.jsx[22m
[2m5:21:50 pm[22m [36m[1m[vite][22m[39m [90m[2m(client)[22m[39m [32mhmr update [39m[2m/src/index.css, /src/modules/hr/pages/HrJobsPage.jsx[22m
[2m5:25:08 pm[22m [36m[1m[vite][22m[39m [90m[2m(client)[22m[39m [32mhmr update [39m[2m/src/index.css, /src/shared/components/UpgradePlanModal.jsx, /src/modules/hr/pages/HrJobsPage.jsx[22m
[2m5:25:40 pm[22m [36m[1m[vite][22m[39m [90m[2m(client)[22m[39m [32mhmr update [39m[2m/src/index.css, /src/shared/components/UpgradePlanModal.jsx, /src/modules/hr/pages/HrJobsPage.jsx[22m
[2m5:25:58 pm[22m [36m[1m[vite][22m[39m [90m[2m(client)[22m[39m [32mhmr update [39m[2m/src/index.css[22m
[2m5:26:11 pm[22m [36m[1m[vite][22m[39m [90m[2m(client)[22m[39m [32mhmr update [39m[2m/src/index.css[22m
[2m5:30:48 pm[22m [36m[1m[vite][22m[39m [90m[2m(client)[22m[39m [32mhmr update [39m[2m/src/index.css, /src/modules/hr/pages/HrJobsPage.jsx[22m
