
> job-portal-client@0.0.0 dev
> vite --host 127.0.0.1 --port 5173


  [32m[1mVITE[22m v7.3.1[39m  [2mready in [0m[1m314[22m[2m[0m ms[22m

  [32m➜[39m  [1mLocal[22m:   [36mhttp://127.0.0.1:[1m5173[22m/[39m
[2m[32m  ➜[39m[22m[2m  press [22m[1mh + enter[22m[2m to show help[22m
[2m3:29:22 pm[22m [36m[1m[vite][22m[39m [90m[2m(client)[22m[39m [32mhmr update [39m[2m/src/index.css, /src/shared/components/DataTable.jsx[22m
[2m3:29:38 pm[22m [36m[1m[vite][22m[39m [90m[2m(client)[22m[39m [32mhmr update [39m[2m/src/index.css, /src/modules/super-admin/components/UsersTable.jsx[22m
[2m3:30:48 pm[22m [36m[1m[vite][22m[39m [90m[2m(client)[22m[39m [32mhmr update [39m[2m/src/index.css, /src/modules/super-admin/components/UsersTable.jsx[22m
[2m3:32:04 pm[22m [36m[1m[vite][22m[39m [90m[2m(client)[22m[39m [32mhmr update [39m[2m/src/index.css, /src/shared/components/DataTable.jsx[22m
[2m3:32:11 pm[22m [36m[1m[vite][22m[39m [90m[2m(client)[22m[39m [32mhmr update [39m[2m/src/index.css, /src/modules/super-admin/components/UsersTable.jsx[22m
[2m3:54:13 pm[22m [36m[1m[vite][22m[39m [90m[2m(client)[22m[39m [32mhmr update [39m[2m/src/index.css, /src/shared/components/layout/portalWorkbench/PortalWorkbenchLayout.jsx[22m
[2m3:54:19 pm[22m [36m[1m[vite][22m[39m [90m[2m(client)[22m[39m [32mhmr update [39m[2m/src/index.css, /src/shared/components/layout/portalWorkbench/PortalWorkbenchHeader.jsx[22m
[2m3:54:24 pm[22m [36m[1m[vite][22m[39m [90m[2m(client)[22m[39m [32mhmr update [39m[2m/src/index.css, /src/shared/components/layout/portalWorkbench/PortalWorkbenchMobileDrawer.jsx[22m
[2m3:54:28 pm[22m [36m[1m[vite][22m[39m [90m[2m(client)[22m[39m [32mhmr update [39m[2m/src/index.css, /src/shared/components/layout/portalWorkbench/PortalWorkbenchSidebar.jsx[22m
[2m3:54:33 pm[22m [36m[1m[vite][22m[39m [90m[2m(client)[22m[39m [32mhmr update [39m[2m/src/index.css[22m
[2m3:54:38 pm[22m [36m[1m[vite][22m[39m [90m[2m(client)[22m[39m [32mhmr update [39m[2m/src/styles/globals.css[22m
[2m3:54:45 pm[22m [36m[1m[vite][22m[39m [90m[2m(client)[22m[39m [32mhmr update [39m[2m/src/styles/globals.css[22m
[2m3:54:50 pm[22m [36m[1m[vite][22m[39m [90m[2m(client)[22m[39m [32mhmr update [39m[2m/src/styles/globals.css[22m
[2m3:54:54 pm[22m [36m[1m[vite][22m[39m [90m[2m(client)[22m[39m [32mhmr update [39m[2m/src/styles/globals.css[22m
[2m3:55:36 pm[22m [36m[1m[vite][22m[39m [90m[2m(client)[22m[39m [32mhmr update [39m[2m/src/index.css[22m
[2m3:55:40 pm[22m [36m[1m[vite][22m[39m [90m[2m(client)[22m[39m [32mhmr update [39m[2m/src/index.css[22m
[2m4:00:11 pm[22m [36m[1m[vite][22m[39m [90m[2m(client)[22m[39m [32mhmr update [39m[2m/src/index.css, /src/shared/components/layout/portalWorkbench/PortalWorkbenchLayout.jsx[22m
[2m6:00:39 pm[22m [36m[1m[vite][22m[39m [90m[2m(client)[22m[39m [32mhmr update [39m[2m/src/index.css, /src/modules/auth/components/LoginPanelContent.jsx[22m
[2m6:00:39 pm[22m [36m[1m[vite][22m[39m [90m[2m(client)[22m[39m [32mhmr update [39m[2m/src/index.css, /src/modules/auth/components/LoginPanelContent.jsx, /src/modules/super-admin/pages/UsersManagement.jsx, /src/modules/super-admin/pages/SuperAdminDashboard.jsx, /src/modules/admin/pages/AdminDashboardPage.jsx, /src/modules/admin/pages/AdminUsersPage.jsx[22m
[2m6:01:24 pm[22m [36m[1m[vite][22m[39m [90m[2m(client)[22m[39m [32mhmr update [39m[2m/src/index.css, /src/shared/components/layout/RootLayout.jsx[22m
[2m6:01:49 pm[22m [36m[1m[vite][22m[39m [90m[2m(client)[22m[39m [32mhmr update [39m[2m/src/index.css, /src/modules/super-admin/pages/UsersManagement.jsx, /src/modules/super-admin/components/UsersTable.jsx[22m
[2m6:01:49 pm[22m [36m[1m[vite][22m[39m [90m[2m(client)[22m[39m [32mhmr update [39m[2m/src/index.css, /src/modules/super-admin/pages/UsersManagement.jsx[22m
[2m6:02:11 pm[22m [36m[1m[vite][22m[39m [90m[2m(client)[22m[39m [32mhmr update [39m[2m/src/index.css, /src/modules/admin/pages/AdminUsersPage.jsx[22m
[2m6:02:31 pm[22m [36m[1m[vite][22m[39m [90m[2m(client)[22m[39m [32mhmr update [39m[2m/src/index.css[22m
[2m6:02:38 pm[22m [36m[1m[vite][22m[39m [90m[2m(client)[22m[39m [32mhmr update [39m[2m/src/index.css[22m
[2m6:03:17 pm[22m [36m[1m[vite][22m[39m [90m[2m(client)[22m[39m [32mhmr update [39m[2m/src/index.css[22m
[2m6:03:28 pm[22m [36m[1m[vite][22m[39m [90m[2m(client)[22m[39m [32mhmr update [39m[2m/src/index.css[22m
[2m6:04:06 pm[22m [36m[1m[vite][22m[39m [90m[2m(client)[22m[39m [32mhmr update [39m[2m/src/index.css, /src/modules/support/pages/SupportDashboard.jsx, /src/modules/support/pages/Tickets.jsx[22m
[2m6:04:06 pm[22m [36m[1m[vite][22m[39m [90m[2m(client)[22m[39m [32mhmr update [39m[2m/src/index.css, /src/modules/support/pages/SupportDashboard.jsx, /src/modules/support/pages/Tickets.jsx[22m
[2m6:04:06 pm[22m [36m[1m[vite][22m[39m [90m[2m(client)[22m[39m [32mhmr update [39m[2m/src/index.css[22m
[2m6:04:06 pm[22m [36m[1m[vite][22m[39m [90m[2m(client)[22m[39m [32mhmr update [39m[2m/src/index.css[22m
[2m6:04:35 pm[22m [36m[1m[vite][22m[39m [90m[2m(client)[22m[39m [32mhmr update [39m[2m/src/index.css[22m
[2m6:04:49 pm[22m [36m[1m[vite][22m[39m [90m[2m(client)[22m[39m [32mhmr update [39m[2m/src/index.css[22m
[2m6:04:50 pm[22m [36m[1m[vite][22m[39m [90m[2m(client)[22m[39m [32mhmr update [39m[2m/src/index.css[22m
[2m6:05:06 pm[22m [36m[1m[vite][22m[39m [90m[2m(client)[22m[39m [32mhmr update [39m[2m/src/index.css, /src/modules/dataentry/pages/DataEntryDashboard.jsx, /src/modules/dataentry/pages/ManageEntries.jsx, /src/modules/dataentry/components/DataEntryEntryTable.jsx[22m
[2m6:05:16 pm[22m [36m[1m[vite][22m[39m [90m[2m(client)[22m[39m [32mhmr update [39m[2m/src/index.css, /src/modules/dataentry/pages/DataEntryDashboard.jsx, /src/modules/dataentry/pages/ManageEntries.jsx, /src/modules/dataentry/components/DataEntryEntryTable.jsx[22m
[2m6:05:22 pm[22m [36m[1m[vite][22m[39m [90m[2m(client)[22m[39m [32mhmr update [39m[2m/src/index.css[22m
[2m6:05:29 pm[22m [36m[1m[vite][22m[39m [90m[2m(client)[22m[39m [32mhmr update [39m[2m/src/index.css[22m
[2m6:05:33 pm[22m [36m[1m[vite][22m[39m [90m[2m(client)[22m[39m [32mhmr update [39m[2m/src/index.css[22m
[2m6:05:48 pm[22m [36m[1m[vite][22m[39m [90m[2m(client)[22m[39m [32mhmr update [39m[2m/src/index.css[22m
[2m6:06:32 pm[22m [36m[1m[vite][22m[39m [90m[2m(client)[22m[39m [32mhmr update [39m[2m/src/index.css, /src/modules/super-admin/components/ConfirmModal.jsx[22m
[2m6:06:43 pm[22m [36m[1m[vite][22m[39m [90m[2m(client)[22m[39m [32mhmr update [39m[2m/src/index.css, /src/modules/support/pages/SupportDashboard.jsx, /src/modules/support/pages/Tickets.jsx[22m
[2m6:26:34 pm[22m [36m[1m[vite][22m[39m [90m[2m(client)[22m[39m [32mhmr update [39m[2m/src/index.css[22m
[2m6:26:43 pm[22m [36m[1m[vite][22m[39m [90m[2m(client)[22m[39m [32mhmr update [39m[2m/src/index.css[22m
[2m6:28:48 pm[22m [36m[1m[vite][22m[39m [90m[2m(client)[22m[39m [32mhmr update [39m[2m/src/index.css, /src/modules/super-admin/pages/UsersManagement.jsx, /src/modules/super-admin/components/UsersTable.jsx[22m
[2m6:29:01 pm[22m [36m[1m[vite][22m[39m [90m[2m(client)[22m[39m [32mhmr update [39m[2m/src/index.css, /src/modules/super-admin/pages/UsersManagement.jsx[22m
[2m6:31:05 pm[22m [36m[1m[vite][22m[39m [90m[2m(client)[22m[39m [32mhmr update [39m[2m/src/index.css, /src/modules/super-admin/pages/UsersManagement.jsx[22m
[2m6:31:27 pm[22m [36m[1m[vite][22m[39m [90m[2m(client)[22m[39m [32mhmr update [39m[2m/src/index.css, /src/modules/super-admin/pages/UsersManagement.jsx[22m
[2m6:33:17 pm[22m [36m[1m[vite][22m[39m [90m[2m(client)[22m[39m [32mhmr update [39m[2m/src/index.css, /src/modules/super-admin/pages/UsersManagement.jsx[22m
[2m6:34:41 pm[22m [36m[1m[vite][22m[39m [90m[2m(client)[22m[39m [32mhmr update [39m[2m/src/index.css, /src/modules/super-admin/components/ConfirmModal.jsx[22m
[2m6:37:37 pm[22m [36m[1m[vite][22m[39m [90m[2m(client)[22m[39m [32mhmr update [39m[2m/src/index.css, /src/modules/admin/pages/AdminUsersPage.jsx[22m
